1     2
1     3
1     4
1     5
1     6
1     7
1     8
1     9
1     10
1     11
1     12
1     13
1     14
1     15
1     16
1     17
1     18
1     19
1     20
1     21
1     22
1     23
1     24
1     25
1     26
1     27
1     28
1     29
1     30
1     31
1     32
1     33
1     34
1     35
2     3
2     4
2     5
2     6
2     7
2     8
2     9
2     10
2     11
2     12
2     13
2     14
2     15
2     16
2     17
2     18
2     19
2     20
2     21
2     22
2     23
2     24
2     25
2     26
2     27
2     28
2     29
2     30
3     4
3     5
3     6
3     7
3     8
3     9
3     10
4     5
4     6
4     7
4     8
4     9
4     10
5     6
5     7
5     8
5     9
5     10
5     11
6     7
6     8
6     9
6     10
6     11
6     12
7     8
7     9
7     10
7     11
7     12
7     13
8     9
8     10
8     11
8     12
8     13
8     14
9     10
9     11
9     12
9     13
9     14
9     15
10     11
10     12
10     13
10     14
10     15
10     16
11     12
11     13
11     14
11     15
11     16
12     13
12     14
12     15
12     16
13     14
13     15
13     16
13     17
14     15
14     16
14     17
14     18
15     16
15     17
15     18
15     19
16     17
16     18
16     19
16     20
17     18
17     19
17     20
17     21
18     19
18     20
18     21
18     22
19     20
19     21
19     22
19     23
20     21
20     22
20     23
20     24
21     22
21     23
21     24
21     25
22     23
22     24
22     25
22     26
23     24
23     25
23     26
23     27
24     25
24     26
24     27
24     28
25     26
25     27
25     28
25     29
26     27
26     28
26     29
26     30
27     28
27     29
27     30
27     31
28     29
28     30
28     31
28     32
29     30
29     31
29     32
29     33
30     31
30     32
30     33
30     34
31     32
31     33
31     34
31     35
32     33
32     34
32     35
33     34
33     35
34     35
5
11
